Removed Pin From Net: NetName=PWM Pin=J1-P37
Removed Pin From Net: NetName=5VDC Pin=J1-P53
Removed Pin From Net: NetName=Net*2_1 Pin=J1-P64
Removed Pin From Net: NetName=GND Pin=P6-1
Removed Pin From Net: NetName=PWM Pin=P6-2
Removed Pin From Net: NetName=5VDC Pin=P6-3
Removed Member From Class: ClassName=Sheet1 Member=P6
Added Component: Designator=P?(JP3)
Add component. Clean all parameters for all variants
Add component (AddParameter): Name = "LatestRevisionDate"; Value = "17-Jul-2002"; VariantName = "[No Variations]"
Add component (AddParameter): Name = "LatestRevisionNote"; Value = "Re-released for DXP Platform."; VariantName = "[No Variations]"
Add component (AddParameter): Name = "Publisher"; Value = "Altium Limited"; VariantName = "[No Variations]"
Added Pin To Net: NetName=PWM Pin=J1-P64
Added Pin To Net: NetName=Net*2_1 Pin=J1-P66
Added Pin To Net: NetName=GND Pin=P?-1
Added Pin To Net: NetName=PWM Pin=P?-2
Added Pin To Net: NetName=5VDC Pin=P?-3
Change Net Name : Old Net Name=Net*1_7 New Net Name=Tim2_ch1
Added Pin To Net: NetName=Tim3_ch1 Pin=*3-7
Added Pin To Net: NetName=Tim3_ch1 Pin=J1-P18
Added Net: Name=Tim3_ch1
Added Pin To Net: NetName=Tim4_ch1 Pin=*4-7
Added Pin To Net: NetName=Tim4_ch1 Pin=J1-P44
Added Net: Name=Tim4_ch1
Added Pin To Net: NetName=Tim5_ch3 Pin=*2-7
Added Pin To Net: NetName=Tim5_ch3 Pin=J1-P14
Added Net: Name=Tim5_ch3
Added Member To Class: ClassName=Sheet1 Member=Component P? Header 3
Added Room: Name=Sheet1
