<<<<<<< HEAD
Removed Pin From Net: NetName=5VDC Pin=J1-P53
Added Component: Designator=D1(LED_0603_Blue)
Add component. Clean all parameters for all variants
Added Component: Designator=P?(JP3)
Add component. Clean all parameters for all variants
Add component (AddParameter): Name = "LatestRevisionDate"; Value = "17-Jul-2002"; VariantName = "[No Variations]"
Add component (AddParameter): Name = "LatestRevisionNote"; Value = "Re-released for DXP Platform."; VariantName = "[No Variations]"
Add component (AddParameter): Name = "Publisher"; Value = "Altium Limited"; VariantName = "[No Variations]"
Added Pin To Net: NetName=5VDC Pin=D1-1
Added Pin To Net: NetName=GND Pin=D1-2
Added Pin To Net: NetName=GND Pin=P?-1
Added Pin To Net: NetName=5VDC Pin=P?-3
Added Pin To Net: NetName=PWM Pin=J1-P37
Added Pin To Net: NetName=PWM Pin=P?-2
Added Net: Name=PWM
Added Member To Class: ClassName=Sheet1 Member=Component D1 LED SMD
Added Member To Class: ClassName=Sheet1 Member=Component P? Header 3
Added Room: Name=Sheet1
=======
Removed Pin From Net: NetName=5VDC Pin=J1-P53
Added Component: Designator=D1(LED_0603_Blue)
Add component. Clean all parameters for all variants
Added Component: Designator=P?(JP3)
Add component. Clean all parameters for all variants
Add component (AddParameter): Name = "LatestRevisionDate"; Value = "17-Jul-2002"; VariantName = "[No Variations]"
Add component (AddParameter): Name = "LatestRevisionNote"; Value = "Re-released for DXP Platform."; VariantName = "[No Variations]"
Add component (AddParameter): Name = "Publisher"; Value = "Altium Limited"; VariantName = "[No Variations]"
Added Pin To Net: NetName=5VDC Pin=D1-1
Added Pin To Net: NetName=GND Pin=D1-2
Added Pin To Net: NetName=GND Pin=P?-1
Added Pin To Net: NetName=5VDC Pin=P?-3
Added Pin To Net: NetName=PWM Pin=J1-P37
Added Pin To Net: NetName=PWM Pin=P?-2
Added Net: Name=PWM
Added Member To Class: ClassName=Sheet1 Member=Component D1 LED SMD
Added Member To Class: ClassName=Sheet1 Member=Component P? Header 3
Added Room: Name=Sheet1
>>>>>>> 5224df10e7c50cbdf30d6b035b07a21c7836453b
