Removed Pin From Net: NetName=5VDC Pin=D1-1
Removed Member From Class: ClassName=Sheet1 Member=P?
Change Component Designator: OldDesignator=P3 NewDesignator=P5
Change Component Designator: OldDesignator=P4 NewDesignator=P6
Change Component Designator: OldDesignator=P5 NewDesignator=P7
Change Component Designator: OldDesignator=P7 NewDesignator=P8
Change Component Designator: OldDesignator=P? NewDesignator=P3
Change Component Designator: OldDesignator=R1 NewDesignator=R2
Change Component Designator: OldDesignator=R2 NewDesignator=R3
Added Component: Designator=JP1(JP2)
Add component. Clean all parameters for all variants
Added Component: Designator=JP2(JP2)
Add component. Clean all parameters for all variants
Added Component: Designator=JP3(JP2)
Add component. Clean all parameters for all variants
Added Component: Designator=JP4(JP2)
Add component. Clean all parameters for all variants
Added Component: Designator=JP5(JP2)
Add component. Clean all parameters for all variants
Added Component: Designator=JP6(JP2)
Add component. Clean all parameters for all variants
Added Component: Designator=JP7(JP2)
Add component. Clean all parameters for all variants
Added Component: Designator=JP8(JP2)
Add component. Clean all parameters for all variants
Added Component: Designator=JP9(JP2)
Add component. Clean all parameters for all variants
Added Component: Designator=JP10(JP2)
Add component. Clean all parameters for all variants
Added Component: Designator=JP11(JP2)
Add component. Clean all parameters for all variants
Added Component: Designator=JP12(JP2)
Add component. Clean all parameters for all variants
Added Component: Designator=P4(JP3)
Add component. Clean all parameters for all variants
Add component (AddParameter): Name = "LatestRevisionDate"; Value = "17-Jul-2002"; VariantName = "[No Variations]"
Add component (AddParameter): Name = "LatestRevisionNote"; Value = "Re-released for DXP Platform."; VariantName = "[No Variations]"
Add component (AddParameter): Name = "Publisher"; Value = "Altium Limited"; VariantName = "[No Variations]"
Added Component: Designator=R1(RES-SM-0805)
Add component. Clean all parameters for all variants
Add component (AddParameter): Name = "Value"; Value = "4K7"; VariantName = "[No Variations]"
Added Pin To Net: NetName=GND Pin=*1-1
Added Pin To Net: NetName=GND Pin=*2-1
Added Pin To Net: NetName=GND Pin=*3-1
Added Pin To Net: NetName=GND Pin=*4-1
Added Pin To Net: NetName=Net*1_5 Pin=J1-P17
Added Pin To Net: NetName=Net*4_5 Pin=J1-P47
Added Pin To Net: NetName=Net*2_5 Pin=J1-P66
Added Pin To Net: NetName=Net*3_5 Pin=J1-P82
Added Pin To Net: NetName=5VDC Pin=JP1-2
Added Pin To Net: NetName=5VDC Pin=JP2-2
Added Pin To Net: NetName=5VDC Pin=JP3-2
Added Pin To Net: NetName=5VDC Pin=JP4-2
Added Pin To Net: NetName=5VDC Pin=JP5-2
Added Pin To Net: NetName=5VDC Pin=JP6-2
Added Pin To Net: NetName=5VDC Pin=JP7-2
Added Pin To Net: NetName=5VDC Pin=JP8-2
Added Pin To Net: NetName=5VDC Pin=JP9-2
Added Pin To Net: NetName=5VDC Pin=JP10-2
Added Pin To Net: NetName=5VDC Pin=JP11-2
Added Pin To Net: NetName=5VDC Pin=JP12-2
Added Pin To Net: NetName=GND Pin=P4-1
Added Pin To Net: NetName=5VDC Pin=P4-2
Added Pin To Net: NetName=5VDC Pin=R1-2
Added Pin To Net: NetName=M1_0 Pin=*1-2
Added Pin To Net: NetName=M1_0 Pin=JP1-1
Added Net: Name=M1_0
Added Pin To Net: NetName=M1_1 Pin=*1-3
Added Pin To Net: NetName=M1_1 Pin=JP5-1
Added Net: Name=M1_1
Added Pin To Net: NetName=M1_2 Pin=*1-4
Added Pin To Net: NetName=M1_2 Pin=JP9-1
Added Net: Name=M1_2
Added Pin To Net: NetName=M2_0 Pin=*2-2
Added Pin To Net: NetName=M2_0 Pin=JP2-1
Added Net: Name=M2_0
Added Pin To Net: NetName=M2_1 Pin=*2-3
Added Pin To Net: NetName=M2_1 Pin=JP6-1
Added Net: Name=M2_1
Added Pin To Net: NetName=M2_2 Pin=*2-4
Added Pin To Net: NetName=M2_2 Pin=JP10-1
Added Net: Name=M2_2
Added Pin To Net: NetName=M3_0 Pin=*3-2
Added Pin To Net: NetName=M3_0 Pin=JP3-1
Added Net: Name=M3_0
Added Pin To Net: NetName=M3_1 Pin=*3-3
Added Pin To Net: NetName=M3_1 Pin=JP7-1
Added Net: Name=M3_1
Added Pin To Net: NetName=M3_2 Pin=*3-4
Added Pin To Net: NetName=M3_2 Pin=JP11-1
Added Net: Name=M3_2
Added Pin To Net: NetName=M4_0 Pin=*4-2
Added Pin To Net: NetName=M4_0 Pin=JP4-1
Added Net: Name=M4_0
Added Pin To Net: NetName=M4_1 Pin=*4-3
Added Pin To Net: NetName=M4_1 Pin=JP8-1
Added Net: Name=M4_1
Added Pin To Net: NetName=M4_2 Pin=*4-4
Added Pin To Net: NetName=M4_2 Pin=JP12-1
Added Net: Name=M4_2
Added Pin To Net: NetName=NetD1_1 Pin=D1-1
Added Pin To Net: NetName=NetD1_1 Pin=R1-1
Added Net: Name=NetD1_1
Added Pin To Net: NetName=PWM 1 Pin=J1-P38
Added Pin To Net: NetName=PWM 1 Pin=P3-3
Added Net: Name=PWM 1
Added Pin To Net: NetName=PWM 2 Pin=J1-P39
Added Pin To Net: NetName=PWM 2 Pin=P4-3
Added Net: Name=PWM 2
Added Member To Class: ClassName=Sheet1 Member=Component JP1 Jumper 2
Added Member To Class: ClassName=Sheet1 Member=Component JP2 Jumper 2
Added Member To Class: ClassName=Sheet1 Member=Component JP3 Jumper 2
Added Member To Class: ClassName=Sheet1 Member=Component JP4 Jumper 2
Added Member To Class: ClassName=Sheet1 Member=Component JP5 Jumper 2
Added Member To Class: ClassName=Sheet1 Member=Component JP6 Jumper 2
Added Member To Class: ClassName=Sheet1 Member=Component JP7 Jumper 2
Added Member To Class: ClassName=Sheet1 Member=Component JP8 Jumper 2
Added Member To Class: ClassName=Sheet1 Member=Component JP9 Jumper 2
Added Member To Class: ClassName=Sheet1 Member=Component JP10 Jumper 2
Added Member To Class: ClassName=Sheet1 Member=Component JP11 Jumper 2
Added Member To Class: ClassName=Sheet1 Member=Component JP12 Jumper 2
Added Member To Class: ClassName=Sheet1 Member=Component P6 Domino 4
Added Member To Class: ClassName=Sheet1 Member=Component P8 Domino 4
Added Member To Class: ClassName=Sheet1 Member=Component R3 Res SMD
Added Room: Name=Sheet1
